<?xml version="1.0" encoding="UTF-8"?>
<!-- Generated by org.testng.reporters.JUnitReportReporter -->
<testsuite hostname="ISVGREPC0000153" name="org.timesheet.service.dao.EmployeeDaoTestng" tests="5" failures="0" timestamp="29 Apr 2013 17:09:01 GMT" time="0.609" errors="0">
  <testcase name="testUpdate" time="0.031" classname="org.timesheet.service.dao.EmployeeDaoTestng"/>
  <testcase name="testAdd" time="0.172" classname="org.timesheet.service.dao.EmployeeDaoTestng"/>
  <testcase name="testRemoveEmployee" time="0.312" classname="org.timesheet.service.dao.EmployeeDaoTestng"/>
  <testcase name="testRemove" time="0.063" classname="org.timesheet.service.dao.EmployeeDaoTestng"/>
  <testcase name="testFind" time="0.031" classname="org.timesheet.service.dao.EmployeeDaoTestng"/>
</testsuite> <!-- org.timesheet.service.dao.EmployeeDaoTestng -->
